<?xml version="1.0" encoding="UTF-8"?>
<testsuite name="org.apache.commons.codec.binary.Base64Test" time="0.078" tests="53" errors="0" skipped="1" failures="0">
  <properties>
    <property name="java.runtime.name" value="Java(TM) SE Runtime Environment"/>
    <property name="sun.boot.library.path" value="C:\csd2015\bin\jdk1.7.0_51\jre\bin"/>
    <property name="java.vm.version" value="24.51-b03"/>
    <property name="java.vm.vendor" value="Oracle Corporation"/>
    <property name="java.vendor.url" value="http://java.oracle.com/"/>
    <property name="path.separator" value=";"/>
    <property name="guice.disable.misplaced.annotation.check" value="true"/>
    <property name="java.vm.name" value="Java HotSpot(TM) 64-Bit Server VM"/>
    <property name="file.encoding.pkg" value="sun.io"/>
    <property name="user.script" value=""/>
    <property name="user.country" value="US"/>
    <property name="sun.java.launcher" value="SUN_STANDARD"/>
    <property name="sun.os.patch.level" value=""/>
    <property name="java.vm.specification.name" value="Java Virtual Machine Specification"/>
    <property name="user.dir" value="C:\csd2015\sample-code\aep-java\commons-codec-1.9-src"/>
    <property name="java.runtime.version" value="1.7.0_51-b13"/>
    <property name="java.awt.graphicsenv" value="sun.awt.Win32GraphicsEnvironment"/>
    <property name="java.endorsed.dirs" value="C:\csd2015\bin\jdk1.7.0_51\jre\lib\endorsed"/>
    <property name="os.arch" value="amd64"/>
    <property name="java.io.tmpdir" value="C:\Users\KTRANB~1.000\AppData\Local\Temp\"/>
    <property name="line.separator" value="&#10;"/>
    <property name="java.vm.specification.vendor" value="Oracle Corporation"/>
    <property name="user.variant" value=""/>
    <property name="os.name" value="Windows 8"/>
    <property name="classworlds.conf" value="C:\csd2015\bin\apache-maven-3.0.3\bin\..\bin\m2.conf"/>
    <property name="sun.jnu.encoding" value="Cp1252"/>
    <property name="java.library.path" value="C:\csd2015\bin\jdk1.7.0_51\bin;C:\WINDOWS\Sun\Java\bin;C:\WINDOWS\system32;C:\WINDOWS;C:\csd2015\bin\curl-7.39.0-win64\bin;C:\csd2015\bin\nodejs;C:\csd2015\bin\jdk1.7.0_51\bin;;C:\ProgramData\Oracle\Java\javapath;C:\Program Files\Haskell\bin;C:\csd\haskell\lib\extralibs\bin;C:\csd\haskell\bin;c:\csd2015\jdk1.8.0_25\bin;C:\Python34\;C:\Python34\Scripts;E:\app\ktran\product\11.2.0\client_1;E:\app\ktran\product\11.2.0\client_1\bin;C:\Program Files (x86)\AMD APP\bin\x86_64;C:\Program Files (x86)\AMD APP\bin\x86;C:\WINDOWS\system32;C:\WINDOWS;C:\WINDOWS\System32\Wbem;C:\WINDOWS\System32\WindowsPowerShell\v1.0\;C:\Program Files (x86)\ATI Technologies\ATI.ACE\Core-Static;C:\Program Files (x86)\Calibre2\;C:\Program Files\Microsoft\Web Platform Installer\;C:\Program Files (x86)\Microsoft ASP.NET\ASP.NET Web Pages\v1.0\;C:\Program Files\Microsoft SQL Server\110\Tools\Binn\;C:\Program Files (x86)\Vim\vim73;F:\svn\bin;C:\Program Files (x86)\Microsoft SQL Server\110\Tools\Binn\;C:\Program Files\Microsoft SQL Server\110\DTS\Binn\;C:\Program Files (x86)\Windows Kits\8.1\Windows Performance Toolkit\;C:\Program Files (x86)\MySQL\MySQL Utilities 1.3.6\;C:\HashiCorp\Vagrant\bin;C:\csd\haskell\mingw\bin;C:\csd\nodejs\;C:\Program Files (x86)\AMD\ATI.ACE\Core-Static;C:\Users\ktran.BEMINC.000\AppData\Roaming\cabal\bin;C:\Ruby193\bin;f:\dev\training\git\bin;c:\phantomjs-1.9.7;C:\Users\ktran.BEMINC.000\AppData\Roaming\npm;C:\csd2015\bin\eclipse-luna-64;C:\csd2015\bin\sonar-runner-2.3\bin;C:\csd2015\bin\sonar-runner-2.3\bin;C:\csd2015\bin\apache-maven-3.0.3\bin;C:\csd2015\bin\apache-tomcat-8.0.15\bin;C:\csd2015\bin\mongodb\bin;."/>
    <property name="java.specification.name" value="Java Platform API Specification"/>
    <property name="java.class.version" value="51.0"/>
    <property name="sun.management.compiler" value="HotSpot 64-Bit Tiered Compilers"/>
    <property name="os.version" value="6.2"/>
    <property name="user.home" value="C:\Users\ktran.BEMINC.000"/>
    <property name="user.timezone" value="America/New_York"/>
    <property name="java.awt.printerjob" value="sun.awt.windows.WPrinterJob"/>
    <property name="java.specification.version" value="1.7"/>
    <property name="file.encoding" value="Cp1252"/>
    <property name="user.name" value="ktran"/>
    <property name="java.class.path" value="C:\csd2015\bin\apache-maven-3.0.3\bin\..\boot\plexus-classworlds-2.4.jar"/>
    <property name="java.vm.specification.version" value="1.7"/>
    <property name="sun.arch.data.model" value="64"/>
    <property name="java.home" value="C:\csd2015\bin\jdk1.7.0_51\jre"/>
    <property name="sun.java.command" value="org.codehaus.plexus.classworlds.launcher.Launcher clean test"/>
    <property name="java.specification.vendor" value="Oracle Corporation"/>
    <property name="user.language" value="en"/>
    <property name="awt.toolkit" value="sun.awt.windows.WToolkit"/>
    <property name="java.vm.info" value="mixed mode"/>
    <property name="java.version" value="1.7.0_51"/>
    <property name="java.ext.dirs" value="C:\csd2015\bin\jdk1.7.0_51\jre\lib\ext;C:\WINDOWS\Sun\Java\lib\ext"/>
    <property name="sun.boot.class.path" value="C:\csd2015\bin\jdk1.7.0_51\jre\lib\resources.jar;C:\csd2015\bin\jdk1.7.0_51\jre\lib\rt.jar;C:\csd2015\bin\jdk1.7.0_51\jre\lib\sunrsasign.jar;C:\csd2015\bin\jdk1.7.0_51\jre\lib\jsse.jar;C:\csd2015\bin\jdk1.7.0_51\jre\lib\jce.jar;C:\csd2015\bin\jdk1.7.0_51\jre\lib\charsets.jar;C:\csd2015\bin\jdk1.7.0_51\jre\lib\jfr.jar;C:\csd2015\bin\jdk1.7.0_51\jre\classes"/>
    <property name="java.vendor" value="Oracle Corporation"/>
    <property name="maven.home" value="C:\csd2015\bin\apache-maven-3.0.3\bin\.."/>
    <property name="file.separator" value="\"/>
    <property name="java.vendor.url.bug" value="http://bugreport.sun.com/bugreport/"/>
    <property name="sun.cpu.endian" value="little"/>
    <property name="sun.io.unicode.encoding" value="UnicodeLittle"/>
    <property name="sun.desktop" value="windows"/>
    <property name="sun.cpu.isalist" value="amd64"/>
  </properties>
  <testcase name="testTriplets" classname="org.apache.commons.codec.binary.Base64Test" time="0"/>
  <testcase name="testCodeIntegerEdgeCases" classname="org.apache.commons.codec.binary.Base64Test" time="0"/>
  <testcase name="testStringToByteVariations" classname="org.apache.commons.codec.binary.Base64Test" time="0.015"/>
  <testcase name="testConstructor_Int_ByteArray_Boolean_UrlSafe" classname="org.apache.commons.codec.binary.Base64Test" time="0"/>
  <testcase name="testSingletonsChunked" classname="org.apache.commons.codec.binary.Base64Test" time="0"/>
  <testcase name="testKnownDecodings" classname="org.apache.commons.codec.binary.Base64Test" time="0"/>
  <testcase name="testPairs" classname="org.apache.commons.codec.binary.Base64Test" time="0"/>
  <testcase name="testUUID" classname="org.apache.commons.codec.binary.Base64Test" time="0"/>
  <testcase name="testEncodeDecodeSmall" classname="org.apache.commons.codec.binary.Base64Test" time="0"/>
  <testcase name="testConstructors" classname="org.apache.commons.codec.binary.Base64Test" time="0.016"/>
  <testcase name="testHugeLineSeparator" classname="org.apache.commons.codec.binary.Base64Test" time="0">
    <skipped/>
  </testcase>
  <testcase name="testObjectDecodeWithValidParameter" classname="org.apache.commons.codec.binary.Base64Test" time="0"/>
  <testcase name="testCodeInteger1" classname="org.apache.commons.codec.binary.Base64Test" time="0"/>
  <testcase name="testCodeInteger2" classname="org.apache.commons.codec.binary.Base64Test" time="0"/>
  <testcase name="testCodeInteger3" classname="org.apache.commons.codec.binary.Base64Test" time="0"/>
  <testcase name="testCodeInteger4" classname="org.apache.commons.codec.binary.Base64Test" time="0"/>
  <testcase name="testObjectEncode" classname="org.apache.commons.codec.binary.Base64Test" time="0"/>
  <testcase name="testRfc2045Section6Dot8ChunkSizeDefinition" classname="org.apache.commons.codec.binary.Base64Test" time="0"/>
  <testcase name="testUrlSafe" classname="org.apache.commons.codec.binary.Base64Test" time="0.016"/>
  <testcase name="testObjectEncodeWithInvalidParameter" classname="org.apache.commons.codec.binary.Base64Test" time="0"/>
  <testcase name="testEncodeDecodeRandom" classname="org.apache.commons.codec.binary.Base64Test" time="0.015"/>
  <testcase name="testRfc2045Section2Dot1CrLfDefinition" classname="org.apache.commons.codec.binary.Base64Test" time="0"/>
  <testcase name="testDecodeWithWhitespace" classname="org.apache.commons.codec.binary.Base64Test" time="0"/>
  <testcase name="testDecodePadOnlyChunked" classname="org.apache.commons.codec.binary.Base64Test" time="0"/>
  <testcase name="testKnownEncodings" classname="org.apache.commons.codec.binary.Base64Test" time="0"/>
  <testcase name="testIgnoringNonBase64InDecode" classname="org.apache.commons.codec.binary.Base64Test" time="0"/>
  <testcase name="testCodec112" classname="org.apache.commons.codec.binary.Base64Test" time="0"/>
  <testcase name="testDecodePadMarkerIndex2" classname="org.apache.commons.codec.binary.Base64Test" time="0"/>
  <testcase name="testDecodePadMarkerIndex3" classname="org.apache.commons.codec.binary.Base64Test" time="0"/>
  <testcase name="testIsUrlSafe" classname="org.apache.commons.codec.binary.Base64Test" time="0"/>
  <testcase name="testEncodeOverMaxSize" classname="org.apache.commons.codec.binary.Base64Test" time="0"/>
  <testcase name="testEmptyBase64" classname="org.apache.commons.codec.binary.Base64Test" time="0"/>
  <testcase name="testSingletons" classname="org.apache.commons.codec.binary.Base64Test" time="0.016"/>
  <testcase name="testTripletsChunked" classname="org.apache.commons.codec.binary.Base64Test" time="0"/>
  <testcase name="testCodec68" classname="org.apache.commons.codec.binary.Base64Test" time="0"/>
  <testcase name="testRfc4648Section10DecodeEncode" classname="org.apache.commons.codec.binary.Base64Test" time="0"/>
  <testcase name="testObjectDecodeWithInvalidParameter" classname="org.apache.commons.codec.binary.Base64Test" time="0"/>
  <testcase name="testIsArrayByteBase64" classname="org.apache.commons.codec.binary.Base64Test" time="0"/>
  <testcase name="testDecodePadOnly" classname="org.apache.commons.codec.binary.Base64Test" time="0"/>
  <testcase name="testChunkedEncodeMultipleOf76" classname="org.apache.commons.codec.binary.Base64Test" time="0"/>
  <testcase name="testBase64" classname="org.apache.commons.codec.binary.Base64Test" time="0"/>
  <testcase name="testRfc1421Section6Dot8ChunkSizeDefinition" classname="org.apache.commons.codec.binary.Base64Test" time="0"/>
  <testcase name="testNonBase64Test" classname="org.apache.commons.codec.binary.Base64Test" time="0"/>
  <testcase name="testConstructor_Int_ByteArray_Boolean" classname="org.apache.commons.codec.binary.Base64Test" time="0"/>
  <testcase name="testByteToStringVariations" classname="org.apache.commons.codec.binary.Base64Test" time="0"/>
  <testcase name="testObjectEncodeWithValidParameter" classname="org.apache.commons.codec.binary.Base64Test" time="0"/>
  <testcase name="testRfc4648Section10DecodeWithCrLf" classname="org.apache.commons.codec.binary.Base64Test" time="0"/>
  <testcase name="testRfc4648Section10Decode" classname="org.apache.commons.codec.binary.Base64Test" time="0"/>
  <testcase name="testRfc4648Section10Encode" classname="org.apache.commons.codec.binary.Base64Test" time="0"/>
  <testcase name="testCodeIntegerNull" classname="org.apache.commons.codec.binary.Base64Test" time="0"/>
  <testcase name="testIsStringBase64" classname="org.apache.commons.codec.binary.Base64Test" time="0"/>
  <testcase name="testRfc4648Section10EncodeDecode" classname="org.apache.commons.codec.binary.Base64Test" time="0"/>
  <testcase name="testDecodeWithInnerPad" classname="org.apache.commons.codec.binary.Base64Test" time="0"/>
</testsuite>