<?xml version="1.0" encoding="UTF-8"?>
<testsuite name="org.apache.commons.codec.binary.Base64Test" time="0.048" tests="53" errors="0" skipped="1" failures="0">
  <properties>
    <property name="java.runtime.name" value="Java(TM) SE Runtime Environment"/>
    <property name="sun.boot.library.path" value="C:\Program Files\Java\jdk1.7.0_45\jre\bin"/>
    <property name="java.vm.version" value="24.45-b08"/>
    <property name="java.vm.vendor" value="Oracle Corporation"/>
    <property name="java.vendor.url" value="http://java.oracle.com/"/>
    <property name="path.separator" value=";"/>
    <property name="guice.disable.misplaced.annotation.check" value="true"/>
    <property name="java.vm.name" value="Java HotSpot(TM) 64-Bit Server VM"/>
    <property name="file.encoding.pkg" value="sun.io"/>
    <property name="user.script" value=""/>
    <property name="user.country" value="US"/>
    <property name="sun.java.launcher" value="SUN_STANDARD"/>
    <property name="sun.os.patch.level" value=""/>
    <property name="java.vm.specification.name" value="Java Virtual Machine Specification"/>
    <property name="user.dir" value="C:\dev\training\eclipse-ws\commons-codec-1.9-src"/>
    <property name="java.runtime.version" value="1.7.0_45-b18"/>
    <property name="java.awt.graphicsenv" value="sun.awt.Win32GraphicsEnvironment"/>
    <property name="java.endorsed.dirs" value="C:\Program Files\Java\jdk1.7.0_45\jre\lib\endorsed"/>
    <property name="os.arch" value="amd64"/>
    <property name="java.io.tmpdir" value="C:\Users\Ktran\AppData\Local\Temp\"/>
    <property name="line.separator" value="&#10;"/>
    <property name="java.vm.specification.vendor" value="Oracle Corporation"/>
    <property name="user.variant" value=""/>
    <property name="os.name" value="Windows 8"/>
    <property name="classworlds.conf" value="C:\dev\training\apache-maven-3.0.3\bin\..\bin\m2.conf"/>
    <property name="sun.jnu.encoding" value="Cp1252"/>
    <property name="java.library.path" value="C:\Program Files\Java\jdk1.7.0_45\bin;C:\Windows\Sun\Java\bin;C:\Windows\system32;C:\Windows;C:\Program Files\Java\jdk1.7.0_45\bin;C:\Windows\system32;C:\Windows;C:\Windows\System32\Wbem;C:\Windows\System32\WindowsPowerShell\v1.0\;C:\Program Files\Microsoft\Web Platform Installer\;C:\Program Files (x86)\Microsoft ASP.NET\ASP.NET Web Pages\v1.0\;C:\Program Files\Microsoft SQL Server\110\Tools\Binn\;c:\Program Files (x86)\Microsoft SQL Server\110\Tools\Binn\;c:\Program Files\Microsoft SQL Server\110\DTS\Binn\;C:\Program Files (x86)\Windows Kits\8.1\Windows Performance Toolkit\;C:\svn\bin;C:\dev\training\sonar-runner-2.3\bin;C:\dev\training\apache-maven-3.0.3\bin;."/>
    <property name="java.specification.name" value="Java Platform API Specification"/>
    <property name="java.class.version" value="51.0"/>
    <property name="sun.management.compiler" value="HotSpot 64-Bit Tiered Compilers"/>
    <property name="os.version" value="6.2"/>
    <property name="user.home" value="C:\Users\Ktran"/>
    <property name="user.timezone" value="America/New_York"/>
    <property name="java.awt.printerjob" value="sun.awt.windows.WPrinterJob"/>
    <property name="java.specification.version" value="1.7"/>
    <property name="file.encoding" value="Cp1252"/>
    <property name="user.name" value="Ktran"/>
    <property name="java.class.path" value="C:\dev\training\apache-maven-3.0.3\bin\..\boot\plexus-classworlds-2.4.jar"/>
    <property name="java.vm.specification.version" value="1.7"/>
    <property name="sun.arch.data.model" value="64"/>
    <property name="java.home" value="C:\Program Files\Java\jdk1.7.0_45\jre"/>
    <property name="sun.java.command" value="org.codehaus.plexus.classworlds.launcher.Launcher clean test"/>
    <property name="java.specification.vendor" value="Oracle Corporation"/>
    <property name="user.language" value="en"/>
    <property name="awt.toolkit" value="sun.awt.windows.WToolkit"/>
    <property name="java.vm.info" value="mixed mode"/>
    <property name="java.version" value="1.7.0_45"/>
    <property name="java.ext.dirs" value="C:\Program Files\Java\jdk1.7.0_45\jre\lib\ext;C:\Windows\Sun\Java\lib\ext"/>
    <property name="sun.boot.class.path" value="C:\Program Files\Java\jdk1.7.0_45\jre\lib\resources.jar;C:\Program Files\Java\jdk1.7.0_45\jre\lib\rt.jar;C:\Program Files\Java\jdk1.7.0_45\jre\lib\sunrsasign.jar;C:\Program Files\Java\jdk1.7.0_45\jre\lib\jsse.jar;C:\Program Files\Java\jdk1.7.0_45\jre\lib\jce.jar;C:\Program Files\Java\jdk1.7.0_45\jre\lib\charsets.jar;C:\Program Files\Java\jdk1.7.0_45\jre\lib\jfr.jar;C:\Program Files\Java\jdk1.7.0_45\jre\classes"/>
    <property name="java.vendor" value="Oracle Corporation"/>
    <property name="maven.home" value="C:\dev\training\apache-maven-3.0.3\bin\.."/>
    <property name="file.separator" value="\"/>
    <property name="java.vendor.url.bug" value="http://bugreport.sun.com/bugreport/"/>
    <property name="sun.cpu.endian" value="little"/>
    <property name="sun.io.unicode.encoding" value="UnicodeLittle"/>
    <property name="sun.desktop" value="windows"/>
    <property name="sun.cpu.isalist" value="amd64"/>
  </properties>
  <testcase name="testTriplets" classname="org.apache.commons.codec.binary.Base64Test" time="0.001"/>
  <testcase name="testCodeIntegerEdgeCases" classname="org.apache.commons.codec.binary.Base64Test" time="0"/>
  <testcase name="testStringToByteVariations" classname="org.apache.commons.codec.binary.Base64Test" time="0.003"/>
  <testcase name="testConstructor_Int_ByteArray_Boolean_UrlSafe" classname="org.apache.commons.codec.binary.Base64Test" time="0.001"/>
  <testcase name="testSingletonsChunked" classname="org.apache.commons.codec.binary.Base64Test" time="0.001"/>
  <testcase name="testKnownDecodings" classname="org.apache.commons.codec.binary.Base64Test" time="0.001"/>
  <testcase name="testPairs" classname="org.apache.commons.codec.binary.Base64Test" time="0.002"/>
  <testcase name="testUUID" classname="org.apache.commons.codec.binary.Base64Test" time="0"/>
  <testcase name="testEncodeDecodeSmall" classname="org.apache.commons.codec.binary.Base64Test" time="0"/>
  <testcase name="testConstructors" classname="org.apache.commons.codec.binary.Base64Test" time="0"/>
  <testcase name="testHugeLineSeparator" classname="org.apache.commons.codec.binary.Base64Test" time="0">
    <skipped/>
  </testcase>
  <testcase name="testObjectDecodeWithValidParameter" classname="org.apache.commons.codec.binary.Base64Test" time="0"/>
  <testcase name="testCodeInteger1" classname="org.apache.commons.codec.binary.Base64Test" time="0.001"/>
  <testcase name="testCodeInteger2" classname="org.apache.commons.codec.binary.Base64Test" time="0"/>
  <testcase name="testCodeInteger3" classname="org.apache.commons.codec.binary.Base64Test" time="0"/>
  <testcase name="testCodeInteger4" classname="org.apache.commons.codec.binary.Base64Test" time="0.001"/>
  <testcase name="testObjectEncode" classname="org.apache.commons.codec.binary.Base64Test" time="0"/>
  <testcase name="testRfc2045Section6Dot8ChunkSizeDefinition" classname="org.apache.commons.codec.binary.Base64Test" time="0"/>
  <testcase name="testUrlSafe" classname="org.apache.commons.codec.binary.Base64Test" time="0.009"/>
  <testcase name="testObjectEncodeWithInvalidParameter" classname="org.apache.commons.codec.binary.Base64Test" time="0"/>
  <testcase name="testEncodeDecodeRandom" classname="org.apache.commons.codec.binary.Base64Test" time="0.026"/>
  <testcase name="testRfc2045Section2Dot1CrLfDefinition" classname="org.apache.commons.codec.binary.Base64Test" time="0"/>
  <testcase name="testDecodeWithWhitespace" classname="org.apache.commons.codec.binary.Base64Test" time="0"/>
  <testcase name="testDecodePadOnlyChunked" classname="org.apache.commons.codec.binary.Base64Test" time="0"/>
  <testcase name="testKnownEncodings" classname="org.apache.commons.codec.binary.Base64Test" time="0"/>
  <testcase name="testIgnoringNonBase64InDecode" classname="org.apache.commons.codec.binary.Base64Test" time="0"/>
  <testcase name="testCodec112" classname="org.apache.commons.codec.binary.Base64Test" time="0"/>
  <testcase name="testDecodePadMarkerIndex2" classname="org.apache.commons.codec.binary.Base64Test" time="0"/>
  <testcase name="testDecodePadMarkerIndex3" classname="org.apache.commons.codec.binary.Base64Test" time="0"/>
  <testcase name="testIsUrlSafe" classname="org.apache.commons.codec.binary.Base64Test" time="0"/>
  <testcase name="testEncodeOverMaxSize" classname="org.apache.commons.codec.binary.Base64Test" time="0"/>
  <testcase name="testEmptyBase64" classname="org.apache.commons.codec.binary.Base64Test" time="0"/>
  <testcase name="testSingletons" classname="org.apache.commons.codec.binary.Base64Test" time="0"/>
  <testcase name="testTripletsChunked" classname="org.apache.commons.codec.binary.Base64Test" time="0"/>
  <testcase name="testCodec68" classname="org.apache.commons.codec.binary.Base64Test" time="0"/>
  <testcase name="testRfc4648Section10DecodeEncode" classname="org.apache.commons.codec.binary.Base64Test" time="0"/>
  <testcase name="testObjectDecodeWithInvalidParameter" classname="org.apache.commons.codec.binary.Base64Test" time="0"/>
  <testcase name="testIsArrayByteBase64" classname="org.apache.commons.codec.binary.Base64Test" time="0"/>
  <testcase name="testDecodePadOnly" classname="org.apache.commons.codec.binary.Base64Test" time="0"/>
  <testcase name="testChunkedEncodeMultipleOf76" classname="org.apache.commons.codec.binary.Base64Test" time="0"/>
  <testcase name="testBase64" classname="org.apache.commons.codec.binary.Base64Test" time="0"/>
  <testcase name="testRfc1421Section6Dot8ChunkSizeDefinition" classname="org.apache.commons.codec.binary.Base64Test" time="0"/>
  <testcase name="testNonBase64Test" classname="org.apache.commons.codec.binary.Base64Test" time="0"/>
  <testcase name="testConstructor_Int_ByteArray_Boolean" classname="org.apache.commons.codec.binary.Base64Test" time="0"/>
  <testcase name="testByteToStringVariations" classname="org.apache.commons.codec.binary.Base64Test" time="0"/>
  <testcase name="testObjectEncodeWithValidParameter" classname="org.apache.commons.codec.binary.Base64Test" time="0"/>
  <testcase name="testRfc4648Section10DecodeWithCrLf" classname="org.apache.commons.codec.binary.Base64Test" time="0"/>
  <testcase name="testRfc4648Section10Decode" classname="org.apache.commons.codec.binary.Base64Test" time="0"/>
  <testcase name="testRfc4648Section10Encode" classname="org.apache.commons.codec.binary.Base64Test" time="0.001"/>
  <testcase name="testCodeIntegerNull" classname="org.apache.commons.codec.binary.Base64Test" time="0"/>
  <testcase name="testIsStringBase64" classname="org.apache.commons.codec.binary.Base64Test" time="0"/>
  <testcase name="testRfc4648Section10EncodeDecode" classname="org.apache.commons.codec.binary.Base64Test" time="0.001"/>
  <testcase name="testDecodeWithInnerPad" classname="org.apache.commons.codec.binary.Base64Test" time="0"/>
</testsuite>